# JRE version: Java(TM) SE Runtime Environment (8.0_221-b11) (build 1.8.0_221-b11)
# Java VM: Java HotSpot(TM) 64-Bit Server VM (25.221-b11 mixed mode windows-amd64 compressed oops)
Heap:
 PSYoungGen      total 71680K, used 60155K [0x000000076ab00000, 0x000000076f600000, 0x00000007c0000000)
  eden space 66560K, 90% used [0x000000076ab00000,0x000000076e5bede0,0x000000076ec00000)
  from space 5120K, 0% used [0x000000076ec00000,0x000000076ec00000,0x000000076f100000)
  to   space 5120K, 0% used [0x000000076f100000,0x000000076f100000,0x000000076f600000)
 ParOldGen       total 87552K, used 84318K [0x00000006c0000000, 0x00000006c5580000, 0x000000076ab00000)
  object space 87552K, 96% used [0x00000006c0000000,0x00000006c5257b28,0x00000006c5580000)
 Metaspace       used 9745K, capacity 10026K, committed 10240K, reserved 1058816K
  class space    used 1153K, capacity 1243K, committed 1280K, reserved 1048576K
GC Heap History (10 events):
Event: 2.027 GC heap before
{Heap before GC invocations=1 (full 0):
 PSYoungGen      total 38400K, used 33280K [0x000000076ab00000, 0x000000076d580000, 0x00000007c0000000)
  eden space 33280K, 100% used [0x000000076ab00000,0x000000076cb80000,0x000000076cb80000)
  from space 5120K, 0% used [0x000000076d080000,0x000000076d080000,0x000000076d580000)
  to   space 5120K, 0% used [0x000000076cb80000,0x000000076cb80000,0x000000076d080000)
 ParOldGen       total 87552K, used 0K [0x00000006c0000000, 0x00000006c5580000, 0x000000076ab00000)
  object space 87552K, 0% used [0x00000006c0000000,0x00000006c0000000,0x00000006c5580000)
 Metaspace       used 9474K, capacity 9760K, committed 9984K, reserved 1058816K
  class space    used 1125K, capacity 1220K, committed 1280K, reserved 1048576K
Event: 2.084 GC heap after
Heap after GC invocations=1 (full 0):
 PSYoungGen      total 38400K, used 5091K [0x000000076ab00000, 0x000000076f600000, 0x00000007c0000000)
  eden space 33280K, 0% used [0x000000076ab00000,0x000000076ab00000,0x000000076cb80000)
  from space 5120K, 99% used [0x000000076cb80000,0x000000076d078cd8,0x000000076d080000)
  to   space 5120K, 0% used [0x000000076f100000,0x000000076f100000,0x000000076f600000)
 ParOldGen       total 87552K, used 9191K [0x00000006c0000000, 0x00000006c5580000, 0x000000076ab00000)
  object space 87552K, 10% used [0x00000006c0000000,0x00000006c08f9ee8,0x00000006c5580000)
 Metaspace       used 9474K, capacity 9760K, committed 9984K, reserved 1058816K
  class space    used 1125K, capacity 1220K, committed 1280K, reserved 1048576K
}
Event: 2.319 GC heap before
{Heap before GC invocations=2 (full 0):
 PSYoungGen      total 38400K, used 38371K [0x000000076ab00000, 0x000000076f600000, 0x00000007c0000000)
  eden space 33280K, 100% used [0x000000076ab00000,0x000000076cb80000,0x000000076cb80000)
  from space 5120K, 99% used [0x000000076cb80000,0x000000076d078cd8,0x000000076d080000)
  to   space 5120K, 0% used [0x000000076f100000,0x000000076f100000,0x000000076f600000)
 ParOldGen       total 87552K, used 9191K [0x00000006c0000000, 0x00000006c5580000, 0x000000076ab00000)
  object space 87552K, 10% used [0x00000006c0000000,0x00000006c08f9ee8,0x00000006c5580000)
 Metaspace       used 9689K, capacity 9956K, committed 10240K, reserved 1058816K
  class space    used 1150K, capacity 1242K, committed 1280K, reserved 1048576K
Event: 2.352 GC heap after
Heap after GC invocations=2 (full 0):
 PSYoungGen      total 71680K, used 5099K [0x000000076ab00000, 0x000000076f600000, 0x00000007c0000000)
  eden space 66560K, 0% used [0x000000076ab00000,0x000000076ab00000,0x000000076ec00000)
  from space 5120K, 99% used [0x000000076f100000,0x000000076f5face8,0x000000076f600000)
  to   space 5120K, 0% used [0x000000076ec00000,0x000000076ec00000,0x000000076f100000)
 ParOldGen       total 87552K, used 31209K [0x00000006c0000000, 0x00000006c5580000, 0x000000076ab00000)
  object space 87552K, 35% used [0x00000006c0000000,0x00000006c1e7a4c8,0x00000006c5580000)
 Metaspace       used 9689K, capacity 9956K, committed 10240K, reserved 1058816K
  class space    used 1150K, capacity 1242K, committed 1280K, reserved 1048576K
}
Event: 2.450 GC heap before
{Heap before GC invocations=3 (full 0):
 PSYoungGen      total 71680K, used 71659K [0x000000076ab00000, 0x000000076f600000, 0x00000007c0000000)
  eden space 66560K, 100% used [0x000000076ab00000,0x000000076ec00000,0x000000076ec00000)
  from space 5120K, 99% used [0x000000076f100000,0x000000076f5face8,0x000000076f600000)
  to   space 5120K, 0% used [0x000000076ec00000,0x000000076ec00000,0x000000076f100000)
 ParOldGen       total 87552K, used 31209K [0x00000006c0000000, 0x00000006c5580000, 0x000000076ab00000)
  object space 87552K, 35% used [0x00000006c0000000,0x00000006c1e7a4c8,0x00000006c5580000)
 Metaspace       used 9696K, capacity 10020K, committed 10240K, reserved 1058816K
  class space    used 1150K, capacity 1242K, committed 1280K, reserved 1048576K
Event: 2.487 GC heap after
Heap after GC invocations=3 (full 0):
 PSYoungGen      total 71680K, used 5107K [0x000000076ab00000, 0x000000076f600000, 0x00000007c0000000)
  eden space 66560K, 0% used [0x000000076ab00000,0x000000076ab00000,0x000000076ec00000)
  from space 5120K, 99% used [0x000000076ec00000,0x000000076f0fccd8,0x000000076f100000)
  to   space 5120K, 0% used [0x000000076f100000,0x000000076f100000,0x000000076f600000)
 ParOldGen       total 87552K, used 63929K [0x00000006c0000000, 0x00000006c5580000, 0x000000076ab00000)
  object space 87552K, 73% used [0x00000006c0000000,0x00000006c3e6e4d8,0x00000006c5580000)
 Metaspace       used 9696K, capacity 10020K, committed 10240K, reserved 1058816K
  class space    used 1150K, capacity 1242K, committed 1280K, reserved 1048576K
}
Event: 2.487 GC heap before
{Heap before GC invocations=4 (full 1):
 PSYoungGen      total 71680K, used 5107K [0x000000076ab00000, 0x000000076f600000, 0x00000007c0000000)
  eden space 66560K, 0% used [0x000000076ab00000,0x000000076ab00000,0x000000076ec00000)
  from space 5120K, 99% used [0x000000076ec00000,0x000000076f0fccd8,0x000000076f100000)
  to   space 5120K, 0% used [0x000000076f100000,0x000000076f100000,0x000000076f600000)
 ParOldGen       total 87552K, used 63929K [0x00000006c0000000, 0x00000006c5580000, 0x000000076ab00000)
  object space 87552K, 73% used [0x00000006c0000000,0x00000006c3e6e4d8,0x00000006c5580000)
 Metaspace       used 9696K, capacity 10020K, committed 10240K, reserved 1058816K
  class space    used 1150K, capacity 1242K, committed 1280K, reserved 1048576K
Event: 3.028 GC heap after
Heap after GC invocations=4 (full 1):
 PSYoungGen      total 71680K, used 0K [0x000000076ab00000, 0x000000076f600000, 0x00000007c0000000)
  eden space 66560K, 0% used [0x000000076ab00000,0x000000076ab00000,0x000000076ec00000)
  from space 5120K, 0% used [0x000000076ec00000,0x000000076ec00000,0x000000076f100000)
  to   space 5120K, 0% used [0x000000076f100000,0x000000076f100000,0x000000076f600000)
 ParOldGen       total 87552K, used 66787K [0x00000006c0000000, 0x00000006c5580000, 0x000000076ab00000)
  object space 87552K, 76% used [0x00000006c0000000,0x00000006c4138d60,0x00000006c5580000)
 Metaspace       used 9696K, capacity 10020K, committed 10240K, reserved 1058816K
  class space    used 1150K, capacity 1242K, committed 1280K, reserved 1048576K
}
Event: 3.154 GC heap before
{Heap before GC invocations=5 (full 2):
 PSYoungGen      total 71680K, used 66560K [0x000000076ab00000, 0x000000076f600000, 0x00000007c0000000)
  eden space 66560K, 100% used [0x000000076ab00000,0x000000076ec00000,0x000000076ec00000)
  from space 5120K, 0% used [0x000000076ec00000,0x000000076ec00000,0x000000076f100000)
  to   space 5120K, 0% used [0x000000076f100000,0x000000076f100000,0x000000076f600000)
 ParOldGen       total 87552K, used 66787K [0x00000006c0000000, 0x00000006c5580000, 0x000000076ab00000)
  object space 87552K, 76% used [0x00000006c0000000,0x00000006c4138d60,0x00000006c5580000)
 Metaspace       used 9696K, capacity 10020K, committed 10240K, reserved 1058816K
  class space    used 1150K, capacity 1242K, committed 1280K, reserved 1048576K
Event: 3.478 GC heap after
Heap after GC invocations=5 (full 2):
 PSYoungGen      total 71680K, used 14522K [0x000000076ab00000, 0x000000076f600000, 0x00000007c0000000)
  eden space 66560K, 21% used [0x000000076ab00000,0x000000076b92e998,0x000000076ec00000)
  from space 5120K, 0% used [0x000000076ec00000,0x000000076ec00000,0x000000076f100000)
  to   space 5120K, 0% used [0x000000076f100000,0x000000076f100000,0x000000076f600000)
 ParOldGen       total 87552K, used 84318K [0x00000006c0000000, 0x00000006c5580000, 0x000000076ab00000)
  object space 87552K, 96% used [0x00000006c0000000,0x00000006c5257b28,0x00000006c5580000)
 Metaspace       used 9696K, capacity 10020K, committed 10240K, reserved 1058816K
  class space    used 1150K, capacity 1242K, committed 1280K, reserved 1048576K
}

