# JRE version: Java(TM) SE Runtime Environment (8.0_221-b11) (build 1.8.0_221-b11)
# Java VM: Java HotSpot(TM) 64-Bit Server VM (25.221-b11 mixed mode windows-amd64 compressed oops)
Heap:
 PSYoungGen      total 71680K, used 3885K [0x000000076ab00000, 0x000000076f600000, 0x00000007c0000000)
  eden space 66560K, 5% used [0x000000076ab00000,0x000000076aecb428,0x000000076ec00000)
  from space 5120K, 0% used [0x000000076f100000,0x000000076f100000,0x000000076f600000)
  to   space 5120K, 0% used [0x000000076ec00000,0x000000076ec00000,0x000000076f100000)
 ParOldGen       total 142336K, used 113537K [0x00000006c0000000, 0x00000006c8b00000, 0x000000076ab00000)
  object space 142336K, 79% used [0x00000006c0000000,0x00000006c6ee07e0,0x00000006c8b00000)
 Metaspace       used 10103K, capacity 10460K, committed 10624K, reserved 1058816K
  class space    used 1187K, capacity 1314K, committed 1408K, reserved 1048576K
GC Heap History (10 events):
Event: 2.642 GC heap before
{Heap before GC invocations=4 (full 0):
 PSYoungGen      total 38400K, used 38395K [0x000000076ab00000, 0x000000076f600000, 0x00000007c0000000)
  eden space 33280K, 100% used [0x000000076ab00000,0x000000076cb80000,0x000000076cb80000)
  from space 5120K, 99% used [0x000000076cb80000,0x000000076d07ecc8,0x000000076d080000)
  to   space 5120K, 0% used [0x000000076f100000,0x000000076f100000,0x000000076f600000)
 ParOldGen       total 87552K, used 55844K [0x00000006c0000000, 0x00000006c5580000, 0x000000076ab00000)
  object space 87552K, 63% used [0x00000006c0000000,0x00000006c36890a0,0x00000006c5580000)
 Metaspace       used 9682K, capacity 9900K, committed 9984K, reserved 1058816K
  class space    used 1150K, capacity 1242K, committed 1280K, reserved 1048576K
Event: 2.667 GC heap after
Heap after GC invocations=4 (full 0):
 PSYoungGen      total 71680K, used 5115K [0x000000076ab00000, 0x000000076f600000, 0x00000007c0000000)
  eden space 66560K, 0% used [0x000000076ab00000,0x000000076ab00000,0x000000076ec00000)
  from space 5120K, 99% used [0x000000076f100000,0x000000076f5fecc8,0x000000076f600000)
  to   space 5120K, 0% used [0x000000076ec00000,0x000000076ec00000,0x000000076f100000)
 ParOldGen       total 87552K, used 73644K [0x00000006c0000000, 0x00000006c5580000, 0x000000076ab00000)
  object space 87552K, 84% used [0x00000006c0000000,0x00000006c47eb0b0,0x00000006c5580000)
 Metaspace       used 9682K, capacity 9900K, committed 9984K, reserved 1058816K
  class space    used 1150K, capacity 1242K, committed 1280K, reserved 1048576K
}
Event: 2.667 GC heap before
{Heap before GC invocations=5 (full 1):
 PSYoungGen      total 71680K, used 5115K [0x000000076ab00000, 0x000000076f600000, 0x00000007c0000000)
  eden space 66560K, 0% used [0x000000076ab00000,0x000000076ab00000,0x000000076ec00000)
  from space 5120K, 99% used [0x000000076f100000,0x000000076f5fecc8,0x000000076f600000)
  to   space 5120K, 0% used [0x000000076ec00000,0x000000076ec00000,0x000000076f100000)
 ParOldGen       total 87552K, used 73644K [0x00000006c0000000, 0x00000006c5580000, 0x000000076ab00000)
  object space 87552K, 84% used [0x00000006c0000000,0x00000006c47eb0b0,0x00000006c5580000)
 Metaspace       used 9682K, capacity 9900K, committed 9984K, reserved 1058816K
  class space    used 1150K, capacity 1242K, committed 1280K, reserved 1048576K
Event: 3.049 GC heap after
Heap after GC invocations=5 (full 1):
 PSYoungGen      total 71680K, used 0K [0x000000076ab00000, 0x000000076f600000, 0x00000007c0000000)
  eden space 66560K, 0% used [0x000000076ab00000,0x000000076ab00000,0x000000076ec00000)
  from space 5120K, 0% used [0x000000076f100000,0x000000076f100000,0x000000076f600000)
  to   space 5120K, 0% used [0x000000076ec00000,0x000000076ec00000,0x000000076f100000)
 ParOldGen       total 142336K, used 66193K [0x00000006c0000000, 0x00000006c8b00000, 0x000000076ab00000)
  object space 142336K, 46% used [0x00000006c0000000,0x00000006c40a4468,0x00000006c8b00000)
 Metaspace       used 9682K, capacity 9900K, committed 9984K, reserved 1058816K
  class space    used 1150K, capacity 1242K, committed 1280K, reserved 1048576K
}
Event: 3.158 GC heap before
{Heap before GC invocations=6 (full 1):
 PSYoungGen      total 71680K, used 66560K [0x000000076ab00000, 0x000000076f600000, 0x00000007c0000000)
  eden space 66560K, 100% used [0x000000076ab00000,0x000000076ec00000,0x000000076ec00000)
  from space 5120K, 0% used [0x000000076f100000,0x000000076f100000,0x000000076f600000)
  to   space 5120K, 0% used [0x000000076ec00000,0x000000076ec00000,0x000000076f100000)
 ParOldGen       total 142336K, used 66193K [0x00000006c0000000, 0x00000006c8b00000, 0x000000076ab00000)
  object space 142336K, 46% used [0x00000006c0000000,0x00000006c40a4468,0x00000006c8b00000)
 Metaspace       used 9682K, capacity 9900K, committed 9984K, reserved 1058816K
  class space    used 1150K, capacity 1242K, committed 1280K, reserved 1048576K
Event: 3.204 GC heap after
Heap after GC invocations=6 (full 1):
 PSYoungGen      total 71680K, used 5088K [0x000000076ab00000, 0x000000076f600000, 0x00000007c0000000)
  eden space 66560K, 0% used [0x000000076ab00000,0x000000076ab00000,0x000000076ec00000)
  from space 5120K, 99% used [0x000000076ec00000,0x000000076f0f8010,0x000000076f100000)
  to   space 5120K, 0% used [0x000000076f100000,0x000000076f100000,0x000000076f600000)
 ParOldGen       total 142336K, used 99289K [0x00000006c0000000, 0x00000006c8b00000, 0x000000076ab00000)
  object space 142336K, 69% used [0x00000006c0000000,0x00000006c60f6488,0x00000006c8b00000)
 Metaspace       used 9682K, capacity 9900K, committed 9984K, reserved 1058816K
  class space    used 1150K, capacity 1242K, committed 1280K, reserved 1048576K
}
Event: 3.561 GC heap before
{Heap before GC invocations=7 (full 1):
 PSYoungGen      total 71680K, used 71648K [0x000000076ab00000, 0x000000076f600000, 0x00000007c0000000)
  eden space 66560K, 100% used [0x000000076ab00000,0x000000076ec00000,0x000000076ec00000)
  from space 5120K, 99% used [0x000000076ec00000,0x000000076f0f8010,0x000000076f100000)
  to   space 5120K, 0% used [0x000000076f100000,0x000000076f100000,0x000000076f600000)
 ParOldGen       total 142336K, used 99289K [0x00000006c0000000, 0x00000006c8b00000, 0x000000076ab00000)
  object space 142336K, 69% used [0x00000006c0000000,0x00000006c60f6488,0x00000006c8b00000)
 Metaspace       used 10103K, capacity 10460K, committed 10624K, reserved 1058816K
  class space    used 1187K, capacity 1314K, committed 1408K, reserved 1048576K
Event: 3.602 GC heap after
Heap after GC invocations=7 (full 1):
 PSYoungGen      total 71680K, used 5108K [0x000000076ab00000, 0x000000076f600000, 0x00000007c0000000)
  eden space 66560K, 0% used [0x000000076ab00000,0x000000076ab00000,0x000000076ec00000)
  from space 5120K, 99% used [0x000000076f100000,0x000000076f5fd050,0x000000076f600000)
  to   space 5120K, 0% used [0x000000076ec00000,0x000000076ec00000,0x000000076f100000)
 ParOldGen       total 142336K, used 127726K [0x00000006c0000000, 0x00000006c8b00000, 0x000000076ab00000)
  object space 142336K, 89% used [0x00000006c0000000,0x00000006c7cbb820,0x00000006c8b00000)
 Metaspace       used 10103K, capacity 10460K, committed 10624K, reserved 1058816K
  class space    used 1187K, capacity 1314K, committed 1408K, reserved 1048576K
}
Event: 3.603 GC heap before
{Heap before GC invocations=8 (full 2):
 PSYoungGen      total 71680K, used 5108K [0x000000076ab00000, 0x000000076f600000, 0x00000007c0000000)
  eden space 66560K, 0% used [0x000000076ab00000,0x000000076ab00000,0x000000076ec00000)
  from space 5120K, 99% used [0x000000076f100000,0x000000076f5fd050,0x000000076f600000)
  to   space 5120K, 0% used [0x000000076ec00000,0x000000076ec00000,0x000000076f100000)
 ParOldGen       total 142336K, used 127726K [0x00000006c0000000, 0x00000006c8b00000, 0x000000076ab00000)
  object space 142336K, 89% used [0x00000006c0000000,0x00000006c7cbb820,0x00000006c8b00000)
 Metaspace       used 10103K, capacity 10460K, committed 10624K, reserved 1058816K
  class space    used 1187K, capacity 1314K, committed 1408K, reserved 1048576K
Event: 3.904 GC heap after
Heap after GC invocations=8 (full 2):
 PSYoungGen      total 71680K, used 0K [0x000000076ab00000, 0x000000076f600000, 0x00000007c0000000)
  eden space 66560K, 0% used [0x000000076ab00000,0x000000076ab00000,0x000000076ec00000)
  from space 5120K, 0% used [0x000000076f100000,0x000000076f100000,0x000000076f600000)
  to   space 5120K, 0% used [0x000000076ec00000,0x000000076ec00000,0x000000076f100000)
 ParOldGen       total 142336K, used 113537K [0x00000006c0000000, 0x00000006c8b00000, 0x000000076ab00000)
  object space 142336K, 79% used [0x00000006c0000000,0x00000006c6ee07e0,0x00000006c8b00000)
 Metaspace       used 10103K, capacity 10460K, committed 10624K, reserved 1058816K
  class space    used 1187K, capacity 1314K, committed 1408K, reserved 1048576K
}

